<?xml version="1.0" encoding="UTF-8"?>
<!-- Generated by org.testng.reporters.JUnitReportReporter -->
<testsuite skipped="0" hostname="ATL2VK7419" name="Runners.Run" tests="5" failures="0" timestamp="2022-04-24T19:21:46 CEST" time="10.432" errors="0">
  <testcase name="runScenario" time="4.943" classname="Runners.Run"/>
  <system-out/>
  <testcase name="runScenario" time="0.363" classname="Runners.Run"/>
  <system-out/>
  <testcase name="runScenario" time="2.005" classname="Runners.Run"/>
  <system-out/>
  <testcase name="runScenario" time="2.472" classname="Runners.Run"/>
  <system-out/>
  <testcase name="runScenario" time="0.649" classname="Runners.Run"/>
  <system-out/>
</testsuite> <!-- Runners.Run -->
